Line 553: Class MediaPlayerCtl.MediaPlayer of control MediaPlayer1 was not a loaded control class.
Line 560: The property name AudioStream in MediaPlayer1 is invalid.
Line 562: The property name AutoStart in MediaPlayer1 is invalid.
Line 563: The property name AnimationAtStart in MediaPlayer1 is invalid.
Line 564: The property name AllowScan in MediaPlayer1 is invalid.
Line 565: The property name AllowChangeDisplaySize in MediaPlayer1 is invalid.
Line 566: The property name AutoRewind in MediaPlayer1 is invalid.
Line 567: The property name Balance in MediaPlayer1 is invalid.
Line 568: The property name BaseURL in MediaPlayer1 is invalid.
Line 569: The property name BufferingTime in MediaPlayer1 is invalid.
Line 570: The property name CaptioningID in MediaPlayer1 is invalid.
Line 571: The property name ClickToPlay in MediaPlayer1 is invalid.
Line 572: The property name CursorType in MediaPlayer1 is invalid.
Line 573: The property name CurrentPosition in MediaPlayer1 is invalid.
Line 574: The property name CurrentMarker in MediaPlayer1 is invalid.
Line 575: The property name DefaultFrame in MediaPlayer1 is invalid.
Line 576: The property name DisplayBackColor in MediaPlayer1 is invalid.
Line 577: The property name DisplayForeColor in MediaPlayer1 is invalid.
Line 578: The property name DisplayMode in MediaPlayer1 is invalid.
Line 579: The property name DisplaySize in MediaPlayer1 is invalid.
Line 581: The property name EnableContextMenu in MediaPlayer1 is invalid.
Line 582: The property name EnablePositionControls in MediaPlayer1 is invalid.
Line 583: The property name EnableFullScreenControls in MediaPlayer1 is invalid.
Line 584: The property name EnableTracker in MediaPlayer1 is invalid.
Line 585: The property name Filename in MediaPlayer1 is invalid.
Line 586: The property name InvokeURLs in MediaPlayer1 is invalid.
Line 587: The property name Language in MediaPlayer1 is invalid.
Line 588: The property name Mute in MediaPlayer1 is invalid.
Line 589: The property name PlayCount in MediaPlayer1 is invalid.
Line 590: The property name PreviewMode in MediaPlayer1 is invalid.
Line 591: The property name Rate in MediaPlayer1 is invalid.
Line 592: The property name SAMILang in MediaPlayer1 is invalid.
Line 593: The property name SAMIStyle in MediaPlayer1 is invalid.
Line 594: The property name SAMIFileName in MediaPlayer1 is invalid.
Line 595: The property name SelectionStart in MediaPlayer1 is invalid.
Line 596: The property name SelectionEnd in MediaPlayer1 is invalid.
Line 597: The property name SendOpenStateChangeEvents in MediaPlayer1 is invalid.
Line 598: The property name SendWarningEvents in MediaPlayer1 is invalid.
Line 599: The property name SendErrorEvents in MediaPlayer1 is invalid.
Line 600: The property name SendKeyboardEvents in MediaPlayer1 is invalid.
Line 601: The property name SendMouseClickEvents in MediaPlayer1 is invalid.
Line 602: The property name SendMouseMoveEvents in MediaPlayer1 is invalid.
Line 603: The property name SendPlayStateChangeEvents in MediaPlayer1 is invalid.
Line 604: The property name ShowCaptioning in MediaPlayer1 is invalid.
Line 605: The property name ShowControls in MediaPlayer1 is invalid.
Line 606: The property name ShowAudioControls in MediaPlayer1 is invalid.
Line 607: The property name ShowDisplay in MediaPlayer1 is invalid.
Line 608: The property name ShowGotoBar in MediaPlayer1 is invalid.
Line 609: The property name ShowPositionControls in MediaPlayer1 is invalid.
Line 610: The property name ShowStatusBar in MediaPlayer1 is invalid.
Line 611: The property name ShowTracker in MediaPlayer1 is invalid.
Line 612: The property name TransparentAtStart in MediaPlayer1 is invalid.
Line 613: The property name VideoBorderWidth in MediaPlayer1 is invalid.
Line 614: The property name VideoBorderColor in MediaPlayer1 is invalid.
Line 615: The property name VideoBorder3D in MediaPlayer1 is invalid.
Line 616: The property name Volume in MediaPlayer1 is invalid.
Line 617: The property name WindowlessVideo in MediaPlayer1 is invalid.
